mode: count
github.com/Jonss/bhub-payment/pkg/payment/shipment_subscriber.go:7.49,9.2 1 1
github.com/Jonss/bhub-payment/pkg/payment/skilearning_subscriber.go:12.58,14.2 1 1
github.com/Jonss/bhub-payment/pkg/payment/upgrade_membership_subscriber.go:7.64,9.2 1 1
github.com/Jonss/bhub-payment/cmd/bhubpayment/main.go:5.13,7.2 1 0
github.com/Jonss/bhub-payment/pkg/payment/doubleshipment_subscriber.go:8.61,10.2 1 1
github.com/Jonss/bhub-payment/pkg/payment/payment.go:17.64,23.2 1 5
github.com/Jonss/bhub-payment/pkg/payment/payment.go:29.31,30.32 1 5
github.com/Jonss/bhub-payment/pkg/payment/payment.go:30.32,32.3 1 9
github.com/Jonss/bhub-payment/pkg/payment/payment.go:35.53,37.2 1 9
github.com/Jonss/bhub-payment/pkg/payment/payment.go:39.29,45.84 2 5
github.com/Jonss/bhub-payment/pkg/payment/payment.go:51.2,51.57 1 5
github.com/Jonss/bhub-payment/pkg/payment/payment.go:58.2,58.48 1 5
github.com/Jonss/bhub-payment/pkg/payment/payment.go:64.2,64.61 1 5
github.com/Jonss/bhub-payment/pkg/payment/payment.go:70.2,70.68 1 5
github.com/Jonss/bhub-payment/pkg/payment/payment.go:76.2,77.66 1 5
github.com/Jonss/bhub-payment/pkg/payment/payment.go:84.2,85.46 1 5
github.com/Jonss/bhub-payment/pkg/payment/payment.go:90.2,90.15 1 5
github.com/Jonss/bhub-payment/pkg/payment/payment.go:45.84,48.3 2 1
github.com/Jonss/bhub-payment/pkg/payment/payment.go:51.57,54.3 2 1
github.com/Jonss/bhub-payment/pkg/payment/payment.go:58.48,61.3 2 1
github.com/Jonss/bhub-payment/pkg/payment/payment.go:64.61,67.3 2 1
github.com/Jonss/bhub-payment/pkg/payment/payment.go:70.68,73.3 2 1
github.com/Jonss/bhub-payment/pkg/payment/payment.go:77.66,80.3 2 2
github.com/Jonss/bhub-payment/pkg/payment/payment.go:85.46,88.3 2 2
github.com/Jonss/bhub-payment/pkg/payment/payment_comission_subscriber.go:10.63,14.2 3 2
github.com/Jonss/bhub-payment/pkg/payment/activate_membership_subscriber.go:7.65,9.2 1 1
github.com/Jonss/bhub-payment/pkg/payment/email_subscriber.go:10.52,12.2 1 2
